<?xml version="1.0" encoding="UTF-8"?>
<!-- Generated by org.testng.reporters.JUnitReportReporter -->
<testsuite name="Automation.TestingFramework.AppTest" tests="1" time="0.059" ignored="0" failures="0" timestamp="11 Apr 2017 16:11:12 GMT" skipped="0" hostname="abhinav-pc" errors="0">
  <testcase name="testApp" time="0.059" classname="Automation.TestingFramework.AppTest"/>
</testsuite> <!-- Automation.TestingFramework.AppTest -->
